<?xml version="1.0" encoding="UTF-8"?>
<testsuite name="com.ceiba.usuario.controlador.ConsultaControladorUsuarioTest" tests="1" skipped="0" failures="0" errors="0" timestamp="2021-09-22T13:14:53" hostname="DAVID-GARCIA" time="0.189">
  <properties/>
  <testcase name="listar" classname="com.ceiba.usuario.controlador.ConsultaControladorUsuarioTest" time="0.189"/>
  <system-out><![CDATA[2021-09-22 08:14:51.968  INFO 17776 --- [    Test worker] o.s.t.c.support.AbstractContextLoader    : Could not detect default resource locations for test class [com.ceiba.usuario.controlador.ConsultaControladorUsuarioTest]: no resource found for suffixes {-context.xml, Context.groovy}.
2021-09-22 08:14:51.973  INFO 17776 --- [    Test worker] .b.t.a.w.s.WebMvcTestContextBootstrapper : Loaded default TestExecutionListener class names from location [META-INF/spring.factories]: [org.springframework.boot.test.autoconfigure.restdocs.RestDocsTestExecutionListener, org.springframework.boot.test.autoconfigure.web.client.MockRestServiceServerResetTestExecutionListener, org.springframework.boot.test.autoconfigure.web.servlet.MockMvcPrintOnlyOnFailureTestExecutionListener, org.springframework.boot.test.autoconfigure.web.servlet.WebDriverTestExecutionListener, org.springframework.boot.test.autoconfigure.webservices.client.MockWebServiceServerTestExecutionListener, org.springframework.boot.test.mock.mockito.MockitoTestExecutionListener, org.springframework.boot.test.mock.mockito.ResetMocksTestExecutionListener, org.springframework.test.context.web.ServletTestExecutionListener, org.springframework.test.context.support.DirtiesContextBeforeModesTestExecutionListener, org.springframework.test.context.event.ApplicationEventsTestExecutionListener, org.springframework.test.context.support.DependencyInjectionTestExecutionListener, org.springframework.test.context.support.DirtiesContextTestExecutionListener, org.springframework.test.context.transaction.TransactionalTestExecutionListener, org.springframework.test.context.jdbc.SqlScriptsTestExecutionListener, org.springframework.test.context.event.EventPublishingTestExecutionListener]
2021-09-22 08:14:51.974  INFO 17776 --- [    Test worker] .b.t.a.w.s.WebMvcTestContextBootstrapper : Using TestExecutionListeners: [org.springframework.test.context.web.ServletTestExecutionListener@50b1cc96, org.springframework.test.context.support.DirtiesContextBeforeModesTestExecutionListener@34a86c28, org.springframework.test.context.event.ApplicationEventsTestExecutionListener@3c453bec, org.springframework.boot.test.mock.mockito.MockitoTestExecutionListener@fe82a67, org.springframework.boot.test.autoconfigure.SpringBootDependencyInjectionTestExecutionListener@51638270, org.springframework.test.context.support.DirtiesContextTestExecutionListener@265d6d58, org.springframework.test.context.transaction.TransactionalTestExecutionListener@33d2b824, org.springframework.test.context.jdbc.SqlScriptsTestExecutionListener@7d27072b, org.springframework.test.context.event.EventPublishingTestExecutionListener@301a6afd, org.springframework.boot.test.autoconfigure.restdocs.RestDocsTestExecutionListener@7d60e60b, org.springframework.boot.test.autoconfigure.web.client.MockRestServiceServerResetTestExecutionListener@5b55721b, org.springframework.boot.test.autoconfigure.web.servlet.MockMvcPrintOnlyOnFailureTestExecutionListener@1e8e2805, org.springframework.boot.test.autoconfigure.web.servlet.WebDriverTestExecutionListener@7da0e4ab, org.springframework.boot.test.autoconfigure.webservices.client.MockWebServiceServerTestExecutionListener@70a05aa, org.springframework.boot.test.mock.mockito.ResetMocksTestExecutionListener@77bf7afa]

  .   ____          _            __ _ _
 /\\ / ___'_ __ _ _(_)_ __  __ _ \ \ \ \
( ( )\___ | '_ | '_| | '_ \/ _` | \ \ \ \
 \\/  ___)| |_)| | | | | || (_| |  ) ) ) )
  '  |____| .__|_| |_|_| |_\__, | / / / /
 =========|_|==============|___/=/_/_/_/
 :: Spring Boot ::                (v2.5.2)

2021-09-22 08:14:52.048  INFO 17776 --- [    Test worker] c.c.u.c.ConsultaControladorUsuarioTest   : Starting ConsultaControladorUsuarioTest using Java 11 on DAVID-GARCIA with PID 17776 (started by david.garcia in C:\Users\david.garcia\Documents\Repository\david.garcia\java-arquitectura-hexagonal\microservicio\infraestructura)
2021-09-22 08:14:52.049  INFO 17776 --- [    Test worker] c.c.u.c.ConsultaControladorUsuarioTest   : No active profile set, falling back to default profiles: default
2021-09-22 08:14:52.652  INFO 17776 --- [    Test worker] com.zaxxer.hikari.HikariDataSource       : pool - Starting...
2021-09-22 08:14:52.653  INFO 17776 --- [    Test worker] com.zaxxer.hikari.HikariDataSource       : pool - Start completed.
2021-09-22 08:14:53.389  INFO 17776 --- [    Test worker] pertySourcedRequestMappingHandlerMapping : Mapped URL path [/v2/api-docs] onto method [springfox.documentation.swagger2.web.Swagger2Controller#getDocumentation(String, HttpServletRequest)]
2021-09-22 08:14:53.395  INFO 17776 --- [    Test worker] o.s.j.d.e.EmbeddedDatabaseFactory        : Starting embedded database: url='jdbc:h2:mem:testdb;DB_CLOSE_DELAY=-1;DB_CLOSE_ON_EXIT=false', username='sa'
2021-09-22 08:14:53.405  INFO 17776 --- [    Test worker] o.f.c.internal.database.DatabaseFactory  : Database: jdbc:h2:mem:testdb (H2 1.4)
2021-09-22 08:14:53.424  INFO 17776 --- [    Test worker] o.f.core.internal.command.DbValidate     : Successfully validated 2 migrations (execution time 00:00.008s)
2021-09-22 08:14:53.430  INFO 17776 --- [    Test worker] o.f.core.internal.command.DbMigrate      : Current version of schema "PUBLIC": 1.1
2021-09-22 08:14:53.431  INFO 17776 --- [    Test worker] o.f.core.internal.command.DbMigrate      : Schema "PUBLIC" is up to date. No migration necessary.
2021-09-22 08:14:53.815  INFO 17776 --- [    Test worker] o.s.b.t.m.w.SpringBootMockServletContext : Initializing Spring TestDispatcherServlet ''
2021-09-22 08:14:53.815  INFO 17776 --- [    Test worker] o.s.t.web.servlet.TestDispatcherServlet  : Initializing Servlet ''
2021-09-22 08:14:53.816  INFO 17776 --- [    Test worker] o.s.t.web.servlet.TestDispatcherServlet  : Completed initialization in 1 ms
2021-09-22 08:14:53.849  INFO 17776 --- [    Test worker] d.s.w.p.DocumentationPluginsBootstrapper : Context refreshed
2021-09-22 08:14:53.850  INFO 17776 --- [    Test worker] d.s.w.p.DocumentationPluginsBootstrapper : Found 1 custom documentation plugin(s)
2021-09-22 08:14:53.863  INFO 17776 --- [    Test worker] s.d.s.w.s.ApiListingReferenceScanner     : Scanning for api listing references
2021-09-22 08:14:53.901  INFO 17776 --- [    Test worker] c.c.u.c.ConsultaControladorUsuarioTest   : Started ConsultaControladorUsuarioTest in 1.921 seconds (JVM running for 16.66)
]]></system-out>
  <system-err><![CDATA[]]></system-err>
</testsuite>
