<?xml version="1.0" encoding="UTF-8"?>
<testsuite name="com.ceiba.usuario.controlador.ComandoControladorUsuarioTest" tests="3" skipped="0" failures="0" errors="0" timestamp="2021-09-22T13:14:51" hostname="DAVID-GARCIA" time="0.439">
  <properties/>
  <testcase name="actualizar" classname="com.ceiba.usuario.controlador.ComandoControladorUsuarioTest" time="0.361"/>
  <testcase name="crear" classname="com.ceiba.usuario.controlador.ComandoControladorUsuarioTest" time="0.062"/>
  <testcase name="eliminar" classname="com.ceiba.usuario.controlador.ComandoControladorUsuarioTest" time="0.013"/>
  <system-out><![CDATA[2021-09-22 08:14:46.412  INFO 17776 --- [    Test worker] o.s.t.c.support.AbstractContextLoader    : Could not detect default resource locations for test class [com.ceiba.usuario.controlador.ComandoControladorUsuarioTest]: no resource found for suffixes {-context.xml, Context.groovy}.
2021-09-22 08:14:46.442  INFO 17776 --- [    Test worker] .b.t.a.w.s.WebMvcTestContextBootstrapper : Loaded default TestExecutionListener class names from location [META-INF/spring.factories]: [org.springframework.boot.test.autoconfigure.restdocs.RestDocsTestExecutionListener, org.springframework.boot.test.autoconfigure.web.client.MockRestServiceServerResetTestExecutionListener, org.springframework.boot.test.autoconfigure.web.servlet.MockMvcPrintOnlyOnFailureTestExecutionListener, org.springframework.boot.test.autoconfigure.web.servlet.WebDriverTestExecutionListener, org.springframework.boot.test.autoconfigure.webservices.client.MockWebServiceServerTestExecutionListener, org.springframework.boot.test.mock.mockito.MockitoTestExecutionListener, org.springframework.boot.test.mock.mockito.ResetMocksTestExecutionListener, org.springframework.test.context.web.ServletTestExecutionListener, org.springframework.test.context.support.DirtiesContextBeforeModesTestExecutionListener, org.springframework.test.context.event.ApplicationEventsTestExecutionListener, org.springframework.test.context.support.DependencyInjectionTestExecutionListener, org.springframework.test.context.support.DirtiesContextTestExecutionListener, org.springframework.test.context.transaction.TransactionalTestExecutionListener, org.springframework.test.context.jdbc.SqlScriptsTestExecutionListener, org.springframework.test.context.event.EventPublishingTestExecutionListener]
2021-09-22 08:14:46.443  INFO 17776 --- [    Test worker] .b.t.a.w.s.WebMvcTestContextBootstrapper : Using TestExecutionListeners: [org.springframework.test.context.web.ServletTestExecutionListener@7b7a7fc6, org.springframework.test.context.support.DirtiesContextBeforeModesTestExecutionListener@61902c97, org.springframework.test.context.event.ApplicationEventsTestExecutionListener@2c1a3a00, org.springframework.boot.test.mock.mockito.MockitoTestExecutionListener@351f0808, org.springframework.boot.test.autoconfigure.SpringBootDependencyInjectionTestExecutionListener@1db3d522, org.springframework.test.context.support.DirtiesContextTestExecutionListener@7d27a697, org.springframework.test.context.transaction.TransactionalTestExecutionListener@904909, org.springframework.test.context.jdbc.SqlScriptsTestExecutionListener@4d824e5b, org.springframework.test.context.event.EventPublishingTestExecutionListener@4e9b880c, org.springframework.boot.test.autoconfigure.restdocs.RestDocsTestExecutionListener@e489c56, org.springframework.boot.test.autoconfigure.web.client.MockRestServiceServerResetTestExecutionListener@c924497, org.springframework.boot.test.autoconfigure.web.servlet.MockMvcPrintOnlyOnFailureTestExecutionListener@53bd23c8, org.springframework.boot.test.autoconfigure.web.servlet.WebDriverTestExecutionListener@41740a5b, org.springframework.boot.test.autoconfigure.webservices.client.MockWebServiceServerTestExecutionListener@b94940f, org.springframework.boot.test.mock.mockito.ResetMocksTestExecutionListener@15bccf16]

  .   ____          _            __ _ _
 /\\ / ___'_ __ _ _(_)_ __  __ _ \ \ \ \
( ( )\___ | '_ | '_| | '_ \/ _` | \ \ \ \
 \\/  ___)| |_)| | | | | || (_| |  ) ) ) )
  '  |____| .__|_| |_|_| |_\__, | / / / /
 =========|_|==============|___/=/_/_/_/
 :: Spring Boot ::                (v2.5.2)

2021-09-22 08:14:46.562  INFO 17776 --- [    Test worker] c.c.u.c.ComandoControladorUsuarioTest    : Starting ComandoControladorUsuarioTest using Java 11 on DAVID-GARCIA with PID 17776 (started by david.garcia in C:\Users\david.garcia\Documents\Repository\david.garcia\java-arquitectura-hexagonal\microservicio\infraestructura)
2021-09-22 08:14:46.565  INFO 17776 --- [    Test worker] c.c.u.c.ComandoControladorUsuarioTest    : No active profile set, falling back to default profiles: default
2021-09-22 08:14:48.263  INFO 17776 --- [    Test worker] com.zaxxer.hikari.HikariDataSource       : pool - Starting...
2021-09-22 08:14:48.325  INFO 17776 --- [    Test worker] com.zaxxer.hikari.HikariDataSource       : pool - Start completed.
2021-09-22 08:14:49.959  INFO 17776 --- [    Test worker] pertySourcedRequestMappingHandlerMapping : Mapped URL path [/v2/api-docs] onto method [springfox.documentation.swagger2.web.Swagger2Controller#getDocumentation(String, HttpServletRequest)]
2021-09-22 08:14:49.994  INFO 17776 --- [    Test worker] o.s.j.d.e.EmbeddedDatabaseFactory        : Starting embedded database: url='jdbc:h2:mem:testdb;DB_CLOSE_DELAY=-1;DB_CLOSE_ON_EXIT=false', username='sa'
2021-09-22 08:14:50.020  INFO 17776 --- [    Test worker] o.f.c.internal.database.DatabaseFactory  : Database: jdbc:h2:mem:testdb (H2 1.4)
2021-09-22 08:14:50.060  INFO 17776 --- [    Test worker] o.f.core.internal.command.DbValidate     : Successfully validated 2 migrations (execution time 00:00.004s)
2021-09-22 08:14:50.066  INFO 17776 --- [    Test worker] o.f.c.i.s.JdbcTableSchemaHistory         : Creating Schema History table: "PUBLIC"."flyway_schema_history"
2021-09-22 08:14:50.082  INFO 17776 --- [    Test worker] o.f.core.internal.command.DbMigrate      : Current version of schema "PUBLIC": << Empty Schema >>
2021-09-22 08:14:50.082  INFO 17776 --- [    Test worker] o.f.core.internal.command.DbMigrate      : Migrating schema "PUBLIC" to version 1.0 - schema
2021-09-22 08:14:50.097  INFO 17776 --- [    Test worker] o.f.core.internal.command.DbMigrate      : Migrating schema "PUBLIC" to version 1.1 - data
2021-09-22 08:14:50.109  INFO 17776 --- [    Test worker] o.f.core.internal.command.DbMigrate      : Successfully applied 2 migrations to schema "PUBLIC" (execution time 00:00.044s)
2021-09-22 08:14:50.909  INFO 17776 --- [    Test worker] o.s.b.t.m.w.SpringBootMockServletContext : Initializing Spring TestDispatcherServlet ''
2021-09-22 08:14:50.909  INFO 17776 --- [    Test worker] o.s.t.web.servlet.TestDispatcherServlet  : Initializing Servlet ''
2021-09-22 08:14:50.912  INFO 17776 --- [    Test worker] o.s.t.web.servlet.TestDispatcherServlet  : Completed initialization in 3 ms
2021-09-22 08:14:50.967  INFO 17776 --- [    Test worker] d.s.w.p.DocumentationPluginsBootstrapper : Context refreshed
2021-09-22 08:14:51.033  INFO 17776 --- [    Test worker] d.s.w.p.DocumentationPluginsBootstrapper : Found 1 custom documentation plugin(s)
2021-09-22 08:14:51.166  INFO 17776 --- [    Test worker] s.d.s.w.s.ApiListingReferenceScanner     : Scanning for api listing references
2021-09-22 08:14:51.514  INFO 17776 --- [    Test worker] c.c.u.c.ComandoControladorUsuarioTest    : Started ComandoControladorUsuarioTest in 5.048 seconds (JVM running for 14.272)
]]></system-out>
  <system-err><![CDATA[]]></system-err>
</testsuite>
