<?xml version="1.0" encoding="UTF-8"?>
<testsuite name="com.ceiba.agendamiento.servicio.ServicioValidacionFechaAgendamientoTest" tests="8" skipped="0" failures="0" errors="0" timestamp="2021-09-22T12:21:04" hostname="DAVID-GARCIA" time="0.05">
  <properties/>
  <testcase name="falla_con_fecha_creacion_pasado" classname="com.ceiba.agendamiento.servicio.ServicioValidacionFechaAgendamientoTest" time="0.018"/>
  <testcase name="exitoso_con_fecha_agendamiento_dos_dias_despues" classname="com.ceiba.agendamiento.servicio.ServicioValidacionFechaAgendamientoTest" time="0.004"/>
  <testcase name="fallido_con_fecha_agendamiento_un_dia_despues_fuera_franja" classname="com.ceiba.agendamiento.servicio.ServicioValidacionFechaAgendamientoTest" time="0.011"/>
  <testcase name="fallido_con_fecha_fuera_franja_fin_de_semana_largo" classname="com.ceiba.agendamiento.servicio.ServicioValidacionFechaAgendamientoTest" time="0.01"/>
  <testcase name="fallido_con_fecha_agendamiento_un_dia_despues_de_dia_feriado" classname="com.ceiba.agendamiento.servicio.ServicioValidacionFechaAgendamientoTest" time="0.001"/>
  <testcase name="exitoso_con_fecha_agendamiento_un_dia_despues_dentro_franja" classname="com.ceiba.agendamiento.servicio.ServicioValidacionFechaAgendamientoTest" time="0.001"/>
  <testcase name="fallido_con_fecha_agendamiento_un_dia_despues_de_dia_semana_no_habil" classname="com.ceiba.agendamiento.servicio.ServicioValidacionFechaAgendamientoTest" time="0.001"/>
  <testcase name="falla_con_fecha_agendamiento_igual_creacion" classname="com.ceiba.agendamiento.servicio.ServicioValidacionFechaAgendamientoTest" time="0.001"/>
  <system-out><![CDATA[]]></system-out>
  <system-err><![CDATA[]]></system-err>
</testsuite>
