<?xml version="1.0" encoding="UTF-8"?>
<testsuite name="com.ceiba.agendamiento.servicio.ServicioProgramarDesayunoTest" tests="1" skipped="0" failures="0" errors="0" timestamp="2021-09-22T12:21:04" hostname="DAVID-GARCIA" time="0.023">
  <properties/>
  <testcase name="agenda_exitosamente" classname="com.ceiba.agendamiento.servicio.ServicioProgramarDesayunoTest" time="0.023"/>
  <system-out><![CDATA[]]></system-out>
  <system-err><![CDATA[]]></system-err>
</testsuite>
